  image_png.cpp
  keyboard.cpp
  mouse.cpp
C:\Users\Isma\Pictures\codi_lliurament_final\0. C++ Code\Graphic Lib\image_png.cpp(8,10): error C1083: No se puede abrir el archivo incluir: 'png.h': No such file or directory
C:\Users\Isma\Pictures\codi_lliurament_final\0. C++ Code\Graphic Lib\keyboard.h(4,10): error C1083: No se puede abrir el archivo incluir: 'SDL.h': No such file or directory
  NFont.cpp
  (compilando archivo de origen "../../../../../../Pictures/codi_lliurament_final/0.%20C++%20Code/Graphic%20Lib/keyboard.cpp")
  
C:\Users\Isma\Pictures\codi_lliurament_final\0. C++ Code\Graphic Lib\video.h(4,10): error C1083: No se puede abrir el archivo incluir: 'SDL.h': No such file or directory
  (compilando archivo de origen "../../../../../../Pictures/codi_lliurament_final/0.%20C++%20Code/Graphic%20Lib/mouse.cpp")
  
C:\Users\Isma\Pictures\codi_lliurament_final\0. C++ Code\Graphic Lib\NFont\NFont.h(37,10): error C1083: No se puede abrir el archivo incluir: 'SDL.h': No such file or directory
  (compilando archivo de origen "../../../../../../Pictures/codi_lliurament_final/0.%20C++%20Code/Graphic%20Lib/NFont/NFont.cpp")
  
  SDL_FontCache.cpp
C:\Users\Isma\Pictures\codi_lliurament_final\0. C++ Code\Graphic Lib\NFont\SDL_FontCache.h(39,10): error C1083: No se puede abrir el archivo incluir: 'SDL.h': No such file or directory
  (compilando archivo de origen "../../../../../../Pictures/codi_lliurament_final/0.%20C++%20Code/Graphic%20Lib/NFont/SDL_FontCache.cpp")
  
  sound.cpp
C:\Users\Isma\Pictures\codi_lliurament_final\0. C++ Code\Graphic Lib\sound.cpp(2,10): error C1083: No se puede abrir el archivo incluir: 'SDL.h': No such file or directory
  sprites.cpp
C:\Users\Isma\Pictures\codi_lliurament_final\0. C++ Code\Graphic Lib\video.h(4,10): error C1083: No se puede abrir el archivo incluir: 'SDL.h': No such file or directory
  (compilando archivo de origen "../../../../../../Pictures/codi_lliurament_final/0.%20C++%20Code/Graphic%20Lib/sprites.cpp")
  
  video.cpp
C:\Users\Isma\Pictures\codi_lliurament_final\0. C++ Code\Graphic Lib\keyboard.h(4,10): error C1083: No se puede abrir el archivo incluir: 'SDL.h': No such file or directory
  (compilando archivo de origen "../../../../../../Pictures/codi_lliurament_final/0.%20C++%20Code/Graphic%20Lib/video.cpp")
  
  GraphicManager.cpp
C:\Users\Isma\Pictures\codi_lliurament_final\0. C++ Code\Graphic Lib\keyboard.h(4,10): error C1083: No se puede abrir el archivo incluir: 'SDL.h': No such file or directory
  (compilando archivo de origen "../../../../../../Pictures/codi_lliurament_final/0.%20C++%20Code/Logic%20Game/GraphicManager.cpp")
  
  joc.cpp
C:\Users\Isma\Pictures\codi_lliurament_final\0. C++ Code\Graphic Lib\keyboard.h(4,10): error C1083: No se puede abrir el archivo incluir: 'SDL.h': No such file or directory
  (compilando archivo de origen "../../../../../../Pictures/codi_lliurament_final/0.%20C++%20Code/Logic%20Game/joc.cpp")
  
  main.cpp
C:\Users\Isma\Pictures\codi_lliurament_final\0. C++ Code\Graphic Lib\keyboard.h(4,10): error C1083: No se puede abrir el archivo incluir: 'SDL.h': No such file or directory
  (compilando archivo de origen "../../../../../../Pictures/codi_lliurament_final/0.%20C++%20Code/Logic%20Game/main.cpp")
  
  cuamoviments.cpp
  fitxa.cpp
  moviment.cpp
  posicio.cpp
  tauler.cpp
C:\Users\Isma\source\repos\1749988\Projecte-Dames\Project-Dames\Project-Dames\tauler.cpp(335,20): error C2601: 'Tauler::getFitxa': las definiciones de funciones locales no son válidas
      C:\Users\Isma\source\repos\1749988\Projecte-Dames\Project-Dames\Project-Dames\tauler.cpp(244,3):
      esta línea contiene un elemento '{' y no se ha encontrado su elemento de cierre
  
C:\Users\Isma\source\repos\1749988\Projecte-Dames\Project-Dames\Project-Dames\tauler.cpp(344,16): error C2601: 'Tauler::toString': las definiciones de funciones locales no son válidas
      C:\Users\Isma\source\repos\1749988\Projecte-Dames\Project-Dames\Project-Dames\tauler.cpp(244,3):
      esta línea contiene un elemento '{' y no se ha encontrado su elemento de cierre
  
C:\Users\Isma\source\repos\1749988\Projecte-Dames\Project-Dames\Project-Dames\tauler.cpp(244,3): error C1075: "{": no se encontró ningún token coincidente
  Generando código...
